[     126ms] [LOG] [Fast Refresh] rebuilding @ http://localhost:3000/_next/static/chunks/0kic_next_dist_0z41kha._.js:2477
[     214ms] [LOG] [Fast Refresh] done in 191ms @ http://localhost:3000/_next/static/chunks/0kic_next_dist_0z41kha._.js:2477
[     386ms] [INFO] %cDownload the React DevTools for a better development experience: https://react.dev/link/react-devtools font-weight:bold @ http://localhost:3000/_next/static/chunks/0kic_next_dist_0z41kha._.js:2477
[     411ms] [LOG] [HMR] connected @ http://localhost:3000/_next/static/chunks/0kic_next_dist_0z41kha._.js:2477
[     498ms] Error: Hydration failed because the server rendered HTML didn't match the client. As a result this tree will be regenerated on the client. This can happen if a SSR-ed Client Component used:

- A server/client branch `if (typeof window !== 'undefined')`.
- Variable input such as `Date.now()` or `Math.random()` which changes each time it's called.
- Date formatting in a user's locale which doesn't match the server.
- External changing data without sending a snapshot of it along with the HTML.
- Invalid HTML tag nesting.

It can also happen if the client has a browser extension installed which messes with the HTML before React loaded.

https://react.dev/link/hydration-mismatch

  ...
    <RedirectErrorBoundary router={{...}}>
      <InnerLayoutRouter url="/products/..." tree={[...]} params={{}} cacheNode={{rsc:{...}, ...}} segmentPath={[...]} ...>
        <SegmentViewNode type="layout" pagePath="(shop)/lay...">
          <SegmentTrieNode>
          <script>
          <script>
          <ShopLayout>
            <div className="min-h-scre...">
              <Header>
                <header className="bg-backgro...">
                  <div className="max-w-5xl ...">
                    <LinkComponent>
                    <SearchBar>
                    <nav className="flex items...">
                      <LinkComponent>
                      <LinkComponent>
                      <CartIcon>
                        <LinkComponent href="/cart" className="flex flex-...">
                          <a className="flex flex-..." ref={function} onClick={function onClick} ...>
                            <div className="relative">
                              <ShoppingCart>
+                             <span
+                               className="absolute -top-1.5 -right-1.5 bg-primary text-primary-foreground text-xs rou..."
+                             >
                            ...
                  ...
              ...
      ...

    at throwOnHydrationMismatch (http://localhost:3000/_next/static/chunks/0kic_next_dist_compiled_react-dom_0cwd7~c._.js:3318:56)
    at beginWork (http://localhost:3000/_next/static/chunks/0kic_next_dist_compiled_react-dom_0cwd7~c._.js:6758:918)
    at runWithFiberInDEV (http://localhost:3000/_next/static/chunks/0kic_next_dist_compiled_react-dom_0cwd7~c._.js:965:74)
    at performUnitOfWork (http://localhost:3000/_next/static/chunks/0kic_next_dist_compiled_react-dom_0cwd7~c._.js:9555:97)
    at workLoopConcurrentByScheduler (http://localhost:3000/_next/static/chunks/0kic_next_dist_compiled_react-dom_0cwd7~c._.js:9551:58)
    at renderRootConcurrent (http://localhost:3000/_next/static/chunks/0kic_next_dist_compiled_react-dom_0cwd7~c._.js:9534:71)
    at performWorkOnRoot (http://localhost:3000/_next/static/chunks/0kic_next_dist_compiled_react-dom_0cwd7~c._.js:9061:150)
    at performWorkOnRootViaSchedulerTask (http://localhost:3000/_next/static/chunks/0kic_next_dist_compiled_react-dom_0cwd7~c._.js:10255:9)
    at MessagePort.performWorkUntilDeadline (http://localhost:3000/_next/static/chunks/0kic_next_dist_compiled_0-rd57x._.js:2647:64)
[   44647ms] [LOG] [Fast Refresh] rebuilding @ http://localhost:3000/_next/static/chunks/0kic_next_dist_0z41kha._.js:2477
[   44656ms] [LOG] [Fast Refresh] done in 111ms @ http://localhost:3000/_next/static/chunks/0kic_next_dist_0z41kha._.js:2477
[ 1117631ms] [LOG] [Fast Refresh] rebuilding @ http://localhost:3000/_next/static/chunks/0kic_next_dist_0z41kha._.js:2477
[ 1119040ms] [LOG] [Fast Refresh] done in 1516ms @ http://localhost:3000/_next/static/chunks/0kic_next_dist_0z41kha._.js:2477
[ 1119249ms] [LOG] [Fast Refresh] rebuilding @ http://localhost:3000/_next/static/chunks/0kic_next_dist_0z41kha._.js:2477
[ 1119474ms] [LOG] [Fast Refresh] done in 338ms @ http://localhost:3000/_next/static/chunks/0kic_next_dist_0z41kha._.js:2477
[ 1119599ms] [LOG] [Fast Refresh] rebuilding @ http://localhost:3000/_next/static/chunks/0kic_next_dist_0z41kha._.js:2477
[ 1119927ms] [LOG] [Fast Refresh] done in 429ms @ http://localhost:3000/_next/static/chunks/0kic_next_dist_0z41kha._.js:2477
[ 1120374ms] [LOG] [Fast Refresh] rebuilding @ http://localhost:3000/_next/static/chunks/0kic_next_dist_0z41kha._.js:2477
[ 1120507ms] [LOG] [Fast Refresh] done in 235ms @ http://localhost:3000/_next/static/chunks/0kic_next_dist_0z41kha._.js:2477
[ 1120677ms] [LOG] [Fast Refresh] rebuilding @ http://localhost:3000/_next/static/chunks/0kic_next_dist_0z41kha._.js:2477
[ 1121490ms] [LOG] [Fast Refresh] done in 799ms @ http://localhost:3000/_next/static/chunks/0kic_next_dist_0z41kha._.js:2477
[ 1121683ms] [LOG] [Fast Refresh] rebuilding @ http://localhost:3000/_next/static/chunks/0kic_next_dist_0z41kha._.js:2477
[ 1122103ms] [LOG] [Fast Refresh] done in 528ms @ http://localhost:3000/_next/static/chunks/0kic_next_dist_0z41kha._.js:2477
[ 1122326ms] [LOG] [Fast Refresh] rebuilding @ http://localhost:3000/_next/static/chunks/0kic_next_dist_0z41kha._.js:2477
[ 1122588ms] [LOG] [Fast Refresh] done in 370ms @ http://localhost:3000/_next/static/chunks/0kic_next_dist_0z41kha._.js:2477
[ 1123088ms] [LOG] [Fast Refresh] rebuilding @ http://localhost:3000/_next/static/chunks/0kic_next_dist_0z41kha._.js:2477
[ 1123141ms] [LOG] [Fast Refresh] done in 155ms @ http://localhost:3000/_next/static/chunks/0kic_next_dist_0z41kha._.js:2477
[ 1123399ms] [LOG] [Fast Refresh] rebuilding @ http://localhost:3000/_next/static/chunks/0kic_next_dist_0z41kha._.js:2477
[ 1123444ms] [LOG] [Fast Refresh] done in 147ms @ http://localhost:3000/_next/static/chunks/0kic_next_dist_0z41kha._.js:2477
[ 1123813ms] [LOG] [Fast Refresh] rebuilding @ http://localhost:3000/_next/static/chunks/0kic_next_dist_0z41kha._.js:2477
[ 1123846ms] [LOG] [Fast Refresh] done in 133ms @ http://localhost:3000/_next/static/chunks/0kic_next_dist_0z41kha._.js:2477
[ 1124157ms] [LOG] [Fast Refresh] rebuilding @ http://localhost:3000/_next/static/chunks/0kic_next_dist_0z41kha._.js:2477
[ 1124177ms] [LOG] [Fast Refresh] done in 123ms @ http://localhost:3000/_next/static/chunks/0kic_next_dist_0z41kha._.js:2477
[ 1124650ms] [LOG] [Fast Refresh] rebuilding @ http://localhost:3000/_next/static/chunks/0kic_next_dist_0z41kha._.js:2477
[ 1124783ms] [LOG] [Fast Refresh] done in 239ms @ http://localhost:3000/_next/static/chunks/0kic_next_dist_0z41kha._.js:2477
[ 1370404ms] [LOG] [Fast Refresh] rebuilding @ http://localhost:3000/_next/static/chunks/0kic_next_dist_0z41kha._.js:2477
[ 1370443ms] [LOG] [Fast Refresh] done in 95ms @ http://localhost:3000/_next/static/chunks/0kic_next_dist_0z41kha._.js:2477
[ 1375362ms] [LOG] [Fast Refresh] rebuilding @ http://localhost:3000/_next/static/chunks/0kic_next_dist_0z41kha._.js:2477
[ 1375392ms] [LOG] [Fast Refresh] done in 80ms @ http://localhost:3000/_next/static/chunks/0kic_next_dist_0z41kha._.js:2477
