[     140ms] [LOG] [Fast Refresh] rebuilding @ http://localhost:3000/_next/static/chunks/0kic_next_dist_0z41kha._.js:2477
[    1037ms] [LOG] [Fast Refresh] done in 1006ms @ http://localhost:3000/_next/static/chunks/0kic_next_dist_0z41kha._.js:2477
[    1180ms] [INFO] %cDownload the React DevTools for a better development experience: https://react.dev/link/react-devtools font-weight:bold @ http://localhost:3000/_next/static/chunks/0kic_next_dist_0z41kha._.js:2477
[    1200ms] [LOG] [HMR] connected @ http://localhost:3000/_next/static/chunks/0kic_next_dist_0z41kha._.js:2477
[   25175ms] [ERROR] Failed to load resource: the server responded with a status of 500 (Internal Server Error) @ http://localhost:3000/admin:0
[   25188ms] PrismaClientKnownRequestError: 
Invalid `__TURBOPACK__imported__module__$5b$project$5d2f$packages$2f$database$2f$src$2f$client$2e$ts__$5b$app$2d$rsc$5d$__$28$ecmascript$29$__["prisma"].product.create()` invocation in
C:\project\my-monorepo\apps\web\.next\dev\server\chunks\ssr\apps_web_0wftm2e._.js:63:163

  60 async function createProduct(data) {
  61     await requireAdmin();
  62     const validated = __TURBOPACK__imported__module__$5b$project$5d2f$apps$2f$web$2f$src$2f$schemas$2f$product$2e$schema$2e$ts__$5b$app$2d$rsc$5d$__$28$ecmascript$29$__["productSchema"].parse(data);
→ 63     await __TURBOPACK__imported__module__$5b$project$5d2f$packages$2f$database$2f$src$2f$client$2e$ts__$5b$app$2d$rsc$5d$__$28$ecmascript$29$__["prisma"].product.create(
Foreign key constraint violated on the constraint: `products_category_id_fkey`
    at  createProduct (about://React/Server/C:%5Cproject%5Cmy-monorepo%5Capps%5Cweb%5C.next%5Cdev%5Cserver%5Cchunks%5Cssr%5Capps_web_0wftm2e._.js?29:63:5)
    at resolveErrorDev (http://localhost:3000/_next/static/chunks/0kic_next_dist_compiled_react-server-dom-turbopack_0-bnmap._.js:1919:105)
    at processFullStringRow (http://localhost:3000/_next/static/chunks/0kic_next_dist_compiled_react-server-dom-turbopack_0-bnmap._.js:2434:29)
    at processFullBinaryRow (http://localhost:3000/_next/static/chunks/0kic_next_dist_compiled_react-server-dom-turbopack_0-bnmap._.js:2393:9)
    at processBinaryChunk (http://localhost:3000/_next/static/chunks/0kic_next_dist_compiled_react-server-dom-turbopack_0-bnmap._.js:2502:221)
    at progress (http://localhost:3000/_next/static/chunks/0kic_next_dist_compiled_react-server-dom-turbopack_0-bnmap._.js:2689:13)
[  256040ms] [LOG] [Fast Refresh] rebuilding @ http://localhost:3000/_next/static/chunks/0kic_next_dist_0z41kha._.js:2477
[  256370ms] [LOG] [Fast Refresh] done in 424ms @ http://localhost:3000/_next/static/chunks/0kic_next_dist_0z41kha._.js:2477
[  256969ms] [LOG] [Fast Refresh] rebuilding @ http://localhost:3000/_next/static/chunks/0kic_next_dist_0z41kha._.js:2477
[  257383ms] [LOG] [Fast Refresh] done in 516ms @ http://localhost:3000/_next/static/chunks/0kic_next_dist_0z41kha._.js:2477
