[     144ms] [LOG] [Fast Refresh] rebuilding @ http://localhost:3000/_next/static/chunks/0kic_next_dist_0z41kha._.js:2477
[     172ms] [LOG] [Fast Refresh] done in 133ms @ http://localhost:3000/_next/static/chunks/0kic_next_dist_0z41kha._.js:2477
[     418ms] [INFO] %cDownload the React DevTools for a better development experience: https://react.dev/link/react-devtools font-weight:bold @ http://localhost:3000/_next/static/chunks/0kic_next_dist_0z41kha._.js:2477
[     447ms] [LOG] [HMR] connected @ http://localhost:3000/_next/static/chunks/0kic_next_dist_0z41kha._.js:2477
[     556ms] Error: Hydration failed because the server rendered HTML didn't match the client. As a result this tree will be regenerated on the client. This can happen if a SSR-ed Client Component used:

- A server/client branch `if (typeof window !== 'undefined')`.
- Variable input such as `Date.now()` or `Math.random()` which changes each time it's called.
- Date formatting in a user's locale which doesn't match the server.
- External changing data without sending a snapshot of it along with the HTML.
- Invalid HTML tag nesting.

It can also happen if the client has a browser extension installed which messes with the HTML before React loaded.

https://react.dev/link/hydration-mismatch

  ...
    <RedirectErrorBoundary router={{...}}>
      <InnerLayoutRouter url="/products/..." tree={[...]} params={{}} cacheNode={{rsc:{...}, ...}} segmentPath={[...]} ...>
        <SegmentViewNode type="layout" pagePath="(shop)/lay...">
          <SegmentTrieNode>
          <script>
          <script>
          <ShopLayout>
            <div className="min-h-scre...">
              <Header>
                <header className="bg-backgro...">
                  <div className="max-w-5xl ...">
                    <LinkComponent>
                    <SearchBar>
                    <nav className="flex items...">
                      <LinkComponent>
                      <LinkComponent>
                      <CartIcon>
                        <LinkComponent href="/cart" className="flex flex-...">
                          <a className="flex flex-..." ref={function} onClick={function onClick} ...>
                            <div className="relative">
                              <ShoppingCart>
+                             <span
+                               className="absolute -top-1.5 -right-1.5 bg-primary text-primary-foreground text-xs rou..."
+                             >
                            ...
                  ...
              ...
      ...

    at throwOnHydrationMismatch (http://localhost:3000/_next/static/chunks/0kic_next_dist_compiled_react-dom_0cwd7~c._.js:3318:56)
    at beginWork (http://localhost:3000/_next/static/chunks/0kic_next_dist_compiled_react-dom_0cwd7~c._.js:6758:918)
    at runWithFiberInDEV (http://localhost:3000/_next/static/chunks/0kic_next_dist_compiled_react-dom_0cwd7~c._.js:965:74)
    at performUnitOfWork (http://localhost:3000/_next/static/chunks/0kic_next_dist_compiled_react-dom_0cwd7~c._.js:9555:97)
    at workLoopConcurrentByScheduler (http://localhost:3000/_next/static/chunks/0kic_next_dist_compiled_react-dom_0cwd7~c._.js:9551:58)
    at renderRootConcurrent (http://localhost:3000/_next/static/chunks/0kic_next_dist_compiled_react-dom_0cwd7~c._.js:9534:71)
    at performWorkOnRoot (http://localhost:3000/_next/static/chunks/0kic_next_dist_compiled_react-dom_0cwd7~c._.js:9061:150)
    at performWorkOnRootViaSchedulerTask (http://localhost:3000/_next/static/chunks/0kic_next_dist_compiled_react-dom_0cwd7~c._.js:10255:9)
    at MessagePort.performWorkUntilDeadline (http://localhost:3000/_next/static/chunks/0kic_next_dist_compiled_0-rd57x._.js:2647:64)
[    3626ms] [WARNING] The resource http://localhost:3000/_next/static/media/797e433ab948586e-s.p.09zddjkbdep5a.woff2 was preloaded using link preload but not used within a few seconds from the window's load event. Please make sure it has an appropriate `as` value and it is preloaded intentionally. @ http://localhost:3000/products/cmptdalx8000k089o4plgw97h:0
[    3627ms] [WARNING] The resource http://localhost:3000/_next/static/media/caa3a2e1cccd8315-s.p.09~u27dqhyhd6.woff2 was preloaded using link preload but not used within a few seconds from the window's load event. Please make sure it has an appropriate `as` value and it is preloaded intentionally. @ http://localhost:3000/products/cmptdalx8000k089o4plgw97h:0
