[     310ms] [INFO] %cDownload the React DevTools for a better development experience: https://react.dev/link/react-devtools font-weight:bold @ http://localhost:3000/_next/static/chunks/0kic_next_dist_0z41kha._.js:2477
[     337ms] [LOG] [HMR] connected @ http://localhost:3000/_next/static/chunks/0kic_next_dist_0z41kha._.js:2477
[    4199ms] [LOG] [Fast Refresh] rebuilding @ http://localhost:3000/_next/static/chunks/0kic_next_dist_0z41kha._.js:2477
[    4203ms] [LOG] [Fast Refresh] done in 106ms @ http://localhost:3000/_next/static/chunks/0kic_next_dist_0z41kha._.js:2477
[  163385ms] [LOG] [Fast Refresh] rebuilding @ http://localhost:3000/_next/static/chunks/0kic_next_dist_0z41kha._.js:2477
[  164926ms] [LOG] [Fast Refresh] done in 1648ms @ http://localhost:3000/_next/static/chunks/0kic_next_dist_0z41kha._.js:2477
[  165297ms] [LOG] [Fast Refresh] rebuilding @ http://localhost:3000/_next/static/chunks/0kic_next_dist_0z41kha._.js:2477
[  165445ms] [LOG] [Fast Refresh] done in 254ms @ http://localhost:3000/_next/static/chunks/0kic_next_dist_0z41kha._.js:2477
[  165671ms] [LOG] [Fast Refresh] rebuilding @ http://localhost:3000/_next/static/chunks/0kic_next_dist_0z41kha._.js:2477
[  166085ms] [LOG] [Fast Refresh] done in 517ms @ http://localhost:3000/_next/static/chunks/0kic_next_dist_0z41kha._.js:2477
[  167591ms] [LOG] [Fast Refresh] rebuilding @ http://localhost:3000/_next/static/chunks/0kic_next_dist_0z41kha._.js:2477
[  167652ms] [LOG] [Fast Refresh] done in 161ms @ http://localhost:3000/_next/static/chunks/0kic_next_dist_0z41kha._.js:2477
[  168209ms] [INFO] %cDownload the React DevTools for a better development experience: https://react.dev/link/react-devtools font-weight:bold @ http://localhost:3000/_next/static/chunks/0kic_next_dist_0z41kha._.js:2477
[  168241ms] [LOG] [HMR] connected @ http://localhost:3000/_next/static/chunks/0kic_next_dist_0z41kha._.js:2477
[  168489ms] [LOG] [Fast Refresh] rebuilding @ http://localhost:3000/_next/static/chunks/0kic_next_dist_0z41kha._.js:2477
[  168530ms] [LOG] [Fast Refresh] done in 148ms @ http://localhost:3000/_next/static/chunks/0kic_next_dist_0z41kha._.js:2477
[  461139ms] [LOG] [Fast Refresh] rebuilding @ http://localhost:3000/_next/static/chunks/0kic_next_dist_0z41kha._.js:2477
[  461169ms] [LOG] [Fast Refresh] done in 90ms @ http://localhost:3000/_next/static/chunks/0kic_next_dist_0z41kha._.js:2477
[  490199ms] [LOG] [Fast Refresh] rebuilding @ http://localhost:3000/_next/static/chunks/0kic_next_dist_0z41kha._.js:2477
[  490230ms] [LOG] [Fast Refresh] done in 89ms @ http://localhost:3000/_next/static/chunks/0kic_next_dist_0z41kha._.js:2477
