[     153ms] [LOG] [Fast Refresh] rebuilding @ http://localhost:3000/_next/static/chunks/0kic_next_dist_0z41kha._.js:2477
[     714ms] [LOG] [Fast Refresh] done in 663ms @ http://localhost:3000/_next/static/chunks/0kic_next_dist_0z41kha._.js:2477
[     845ms] [LOG] [Fast Refresh] rebuilding @ http://localhost:3000/_next/static/chunks/0kic_next_dist_0z41kha._.js:2477
[     875ms] [LOG] [Fast Refresh] done in 131ms @ http://localhost:3000/_next/static/chunks/0kic_next_dist_0z41kha._.js:2477
[    1277ms] [ERROR] Failed to load resource: the server responded with a status of 500 (Internal Server Error) @ http://localhost:3000/products:0
[    1316ms] [INFO] %cDownload the React DevTools for a better development experience: https://react.dev/link/react-devtools font-weight:bold @ http://localhost:3000/_next/static/chunks/0kic_next_dist_0z41kha._.js:2477
[    1329ms] [LOG] [HMR] connected @ http://localhost:3000/_next/static/chunks/0kic_next_dist_0z41kha._.js:2477
[    1369ms] [ERROR] %o

%s PrismaClientKnownRequestError: 
Invalid `__TURBOPACK__imported__module__$5b$project$5d2f$packages$2f$database$2f$src$2f$client$2e$ts__$5b$app$2d$rsc$5d$__$28$ecmascript$29$__["prisma"].category.findMany()` invocation in
C:\project\my-monorepo\apps\web\.next\dev\server\chunks\ssr\[root-of-the-server]__0-sml_n._.js:278:183

  275 ;
  276 ;
  277 async function CategoryNav() {
→ 278     const categories = await __TURBOPACK__imported__module__$5b$project$5d2f$packages$2f$database$2f$src$2f$client$2e$ts__$5b$app$2d$rsc$5d$__$28$ecmascript$29$__["prisma"].category.findMany(
The column `categories.parentId` does not exist in the current database.
    at  CategoryNav (about://React/Server/C:%5Cproject%5Cmy-monorepo%5Capps%5Cweb%5C.next%5Cdev%5Cserver%5Cchunks%5Cssr%5C%5Broot-of-the-server%5D__0-sml_n._.js?0:278:24)
    at resolveErrorDev (http://localhost:3000/_next/static/chunks/0kic_next_dist_compiled_react-server-dom-turbopack_0-bnmap._.js:1919:105)
    at processFullStringRow (http://localhost:3000/_next/static/chunks/0kic_next_dist_compiled_react-server-dom-turbopack_0-bnmap._.js:2434:29)
    at processFullBinaryRow (http://localhost:3000/_next/static/chunks/0kic_next_dist_compiled_react-server-dom-turbopack_0-bnmap._.js:2393:9)
    at processBinaryChunk (http://localhost:3000/_next/static/chunks/0kic_next_dist_compiled_react-server-dom-turbopack_0-bnmap._.js:2502:221)
    at progress (http://localhost:3000/_next/static/chunks/0kic_next_dist_compiled_react-server-dom-turbopack_0-bnmap._.js:2689:13) The above error occurred in the <CategoryNav> component. It was handled by the <ErrorBoundaryHandler> error boundary. @ http://localhost:3000/_next/static/chunks/0kic_next_dist_client_0shlhmm._.js:1998
[   66665ms] [LOG] [HMR] connected @ http://localhost:3000/_next/static/chunks/0kic_next_dist_0z41kha._.js:2477
[   67999ms] [INFO] %cDownload the React DevTools for a better development experience: https://react.dev/link/react-devtools font-weight:bold @ http://localhost:3000/_next/static/chunks/0kic_next_dist_0z41kha._.js:2477
[   68030ms] [LOG] [HMR] connected @ http://localhost:3000/_next/static/chunks/0kic_next_dist_0z41kha._.js:2477
[  939543ms] [LOG] [Fast Refresh] rebuilding @ http://localhost:3000/_next/static/chunks/0kic_next_dist_0z41kha._.js:2477
[  940371ms] [LOG] [Fast Refresh] done in 930ms @ http://localhost:3000/_next/static/chunks/0kic_next_dist_0z41kha._.js:2477
[  940579ms] [LOG] [Fast Refresh] rebuilding @ http://localhost:3000/_next/static/chunks/0kic_next_dist_0z41kha._.js:2477
[  940775ms] [LOG] [Fast Refresh] done in 305ms @ http://localhost:3000/_next/static/chunks/0kic_next_dist_0z41kha._.js:2477
[  944659ms] [LOG] [Fast Refresh] rebuilding @ http://localhost:3000/_next/static/chunks/0kic_next_dist_0z41kha._.js:2477
[  945165ms] [LOG] [Fast Refresh] done in 606ms @ http://localhost:3000/_next/static/chunks/0kic_next_dist_0z41kha._.js:2477
[  945344ms] [LOG] [Fast Refresh] rebuilding @ http://localhost:3000/_next/static/chunks/0kic_next_dist_0z41kha._.js:2477
[  945462ms] [LOG] [Fast Refresh] done in 223ms @ http://localhost:3000/_next/static/chunks/0kic_next_dist_0z41kha._.js:2477
[  945893ms] [LOG] [Fast Refresh] rebuilding @ http://localhost:3000/_next/static/chunks/0kic_next_dist_0z41kha._.js:2477
[  945998ms] [LOG] [Fast Refresh] done in 207ms @ http://localhost:3000/_next/static/chunks/0kic_next_dist_0z41kha._.js:2477
[  956714ms] [LOG] [Fast Refresh] rebuilding @ http://localhost:3000/_next/static/chunks/0kic_next_dist_0z41kha._.js:2477
[  956745ms] [LOG] [Fast Refresh] done in 101ms @ http://localhost:3000/_next/static/chunks/0kic_next_dist_0z41kha._.js:2477
[  973121ms] [LOG] [Fast Refresh] rebuilding @ http://localhost:3000/_next/static/chunks/0kic_next_dist_0z41kha._.js:2477
[  973931ms] [LOG] [Fast Refresh] done in 883ms @ http://localhost:3000/_next/static/chunks/0kic_next_dist_0z41kha._.js:2477
[  974106ms] [LOG] [Fast Refresh] rebuilding @ http://localhost:3000/_next/static/chunks/0kic_next_dist_0z41kha._.js:2477
[  974261ms] [LOG] [Fast Refresh] done in 257ms @ http://localhost:3000/_next/static/chunks/0kic_next_dist_0z41kha._.js:2477
[  974973ms] [LOG] [Fast Refresh] rebuilding @ http://localhost:3000/_next/static/chunks/0kic_next_dist_0z41kha._.js:2477
[  974977ms] [LOG] [Fast Refresh] done in 107ms @ http://localhost:3000/_next/static/chunks/0kic_next_dist_0z41kha._.js:2477
